[     636ms] [INFO] %cDownload the React DevTools for a better development experience: https://reactjs.org/link/react-devtools font-weight:bold @ http://localhost:5173/node_modules/.vite/deps/chunk-NXESFFTV.js?v=20bb4e57:21608
[     739ms] ReferenceError: Cannot access 'btnOpacity' before initialization
    at Home (http://localhost:5173/src/pages/Home.tsx?t=1780867237115:908:7)
    at renderWithHooks (http://localhost:5173/node_modules/.vite/deps/chunk-NXESFFTV.js?v=20bb4e57:11596:26)
    at mountIndeterminateComponent (http://localhost:5173/node_modules/.vite/deps/chunk-NXESFFTV.js?v=20bb4e57:14974:21)
    at beginWork (http://localhost:5173/node_modules/.vite/deps/chunk-NXESFFTV.js?v=20bb4e57:15962:22)
    at HTMLUnknownElement.callCallback2 (http://localhost:5173/node_modules/.vite/deps/chunk-NXESFFTV.js?v=20bb4e57:3680:22)
    at Object.invokeGuardedCallbackDev (http://localhost:5173/node_modules/.vite/deps/chunk-NXESFFTV.js?v=20bb4e57:3705:24)
    at invokeGuardedCallback (http://localhost:5173/node_modules/.vite/deps/chunk-NXESFFTV.js?v=20bb4e57:3739:39)
    at beginWork$1 (http://localhost:5173/node_modules/.vite/deps/chunk-NXESFFTV.js?v=20bb4e57:19818:15)
    at performUnitOfWork (http://localhost:5173/node_modules/.vite/deps/chunk-NXESFFTV.js?v=20bb4e57:19251:20)
    at workLoopSync (http://localhost:5173/node_modules/.vite/deps/chunk-NXESFFTV.js?v=20bb4e57:19190:13)
[     739ms] ReferenceError: Cannot access 'btnOpacity' before initialization
    at Home (http://localhost:5173/src/pages/Home.tsx?t=1780867237115:908:7)
    at renderWithHooks (http://localhost:5173/node_modules/.vite/deps/chunk-NXESFFTV.js?v=20bb4e57:11596:26)
    at mountIndeterminateComponent (http://localhost:5173/node_modules/.vite/deps/chunk-NXESFFTV.js?v=20bb4e57:14974:21)
    at beginWork (http://localhost:5173/node_modules/.vite/deps/chunk-NXESFFTV.js?v=20bb4e57:15962:22)
    at HTMLUnknownElement.callCallback2 (http://localhost:5173/node_modules/.vite/deps/chunk-NXESFFTV.js?v=20bb4e57:3680:22)
    at Object.invokeGuardedCallbackDev (http://localhost:5173/node_modules/.vite/deps/chunk-NXESFFTV.js?v=20bb4e57:3705:24)
    at invokeGuardedCallback (http://localhost:5173/node_modules/.vite/deps/chunk-NXESFFTV.js?v=20bb4e57:3739:39)
    at beginWork$1 (http://localhost:5173/node_modules/.vite/deps/chunk-NXESFFTV.js?v=20bb4e57:19818:15)
    at performUnitOfWork (http://localhost:5173/node_modules/.vite/deps/chunk-NXESFFTV.js?v=20bb4e57:19251:20)
    at workLoopSync (http://localhost:5173/node_modules/.vite/deps/chunk-NXESFFTV.js?v=20bb4e57:19190:13)
[     715ms] [ERROR] The above error occurred in the <Home> component:

    at Home (http://localhost:5173/src/pages/Home.tsx?t=1780867237115:298:41)
    at Route (http://localhost:5173/node_modules/.vite/deps/wouter.js?v=20bb4e57:303:16)
    at Switch (http://localhost:5173/node_modules/.vite/deps/wouter.js?v=20bb4e57:360:17)
    at Router
    at Provider (http://localhost:5173/node_modules/.vite/deps/chunk-MJZUJHM6.js?v=20bb4e57:39:15)
    at TooltipProvider (http://localhost:5173/node_modules/.vite/deps/@radix-ui_react-tooltip.js?v=20bb4e57:2656:5)
    at ThemeProvider (http://localhost:5173/src/contexts/ThemeContext.tsx:26:3)
    at ErrorBoundary (http://localhost:5173/src/components/ErrorBoundary.tsx:7:5)
    at App

React will try to recreate this component tree from scratch using the error boundary you provided, ErrorBoundary. @ http://localhost:5173/node_modules/.vite/deps/chunk-NXESFFTV.js?v=20bb4e57:14079
[     715ms] [ERROR] ErrorBoundary caught an error: ReferenceError: Cannot access 'btnOpacity' before initialization
    at Home (http://localhost:5173/src/pages/Home.tsx?t=1780867237115:908:7)
    at renderWithHooks (http://localhost:5173/node_modules/.vite/deps/chunk-NXESFFTV.js?v=20bb4e57:11596:26)
    at mountIndeterminateComponent (http://localhost:5173/node_modules/.vite/deps/chunk-NXESFFTV.js?v=20bb4e57:14974:21)
    at beginWork (http://localhost:5173/node_modules/.vite/deps/chunk-NXESFFTV.js?v=20bb4e57:15962:22)
    at beginWork$1 (http://localhost:5173/node_modules/.vite/deps/chunk-NXESFFTV.js?v=20bb4e57:19806:22)
    at performUnitOfWork (http://localhost:5173/node_modules/.vite/deps/chunk-NXESFFTV.js?v=20bb4e57:19251:20)
    at workLoopSync (http://localhost:5173/node_modules/.vite/deps/chunk-NXESFFTV.js?v=20bb4e57:19190:13)
    at renderRootSync (http://localhost:5173/node_modules/.vite/deps/chunk-NXESFFTV.js?v=20bb4e57:19169:15)
    at recoverFromConcurrentError (http://localhost:5173/node_modules/.vite/deps/chunk-NXESFFTV.js?v=20bb4e57:18786:28)
    at performConcurrentWorkOnRoot (http://localhost:5173/node_modules/.vite/deps/chunk-NXESFFTV.js?v=20bb4e57:18734:30) {componentStack: 
    at Home (http://localhost:5173/src/pages/Home…/src/components/ErrorBoundary.tsx:7:5)
    at App} @ http://localhost:5173/src/components/ErrorBoundary.tsx:13
