[    1439ms] [INFO] %cDownload the React DevTools for a better development experience: https://reactjs.org/link/react-devtools font-weight:bold @ http://localhost:5173/node_modules/.vite/deps/chunk-NXESFFTV.js?v=20bb4e57:21608
[ 2696515ms] ReferenceError: Cannot access 'buildTransform' before initialization
    at http://localhost:5173/src/pages/Home.tsx?t=1780873655731:840:21
    at updateMemo (http://localhost:5173/node_modules/.vite/deps/chunk-NXESFFTV.js?v=20bb4e57:12258:27)
    at Object.useMemo (http://localhost:5173/node_modules/.vite/deps/chunk-NXESFFTV.js?v=20bb4e57:12774:24)
    at useMemo (http://localhost:5173/node_modules/.vite/deps/chunk-DRWLMN53.js?v=20bb4e57:1094:29)
    at Home (http://localhost:5173/src/pages/Home.tsx?t=1780873655731:781:19)
    at renderWithHooks (http://localhost:5173/node_modules/.vite/deps/chunk-NXESFFTV.js?v=20bb4e57:11596:26)
    at updateFunctionComponent (http://localhost:5173/node_modules/.vite/deps/chunk-NXESFFTV.js?v=20bb4e57:14630:28)
    at beginWork (http://localhost:5173/node_modules/.vite/deps/chunk-NXESFFTV.js?v=20bb4e57:15972:22)
    at HTMLUnknownElement.callCallback2 (http://localhost:5173/node_modules/.vite/deps/chunk-NXESFFTV.js?v=20bb4e57:3680:22)
    at Object.invokeGuardedCallbackDev (http://localhost:5173/node_modules/.vite/deps/chunk-NXESFFTV.js?v=20bb4e57:3705:24)
[ 2696519ms] ReferenceError: Cannot access 'buildTransform' before initialization
    at http://localhost:5173/src/pages/Home.tsx?t=1780873655731:840:21
    at updateMemo (http://localhost:5173/node_modules/.vite/deps/chunk-NXESFFTV.js?v=20bb4e57:12258:27)
    at Object.useMemo (http://localhost:5173/node_modules/.vite/deps/chunk-NXESFFTV.js?v=20bb4e57:12774:24)
    at useMemo (http://localhost:5173/node_modules/.vite/deps/chunk-DRWLMN53.js?v=20bb4e57:1094:29)
    at Home (http://localhost:5173/src/pages/Home.tsx?t=1780873655731:781:19)
    at renderWithHooks (http://localhost:5173/node_modules/.vite/deps/chunk-NXESFFTV.js?v=20bb4e57:11596:26)
    at updateFunctionComponent (http://localhost:5173/node_modules/.vite/deps/chunk-NXESFFTV.js?v=20bb4e57:14630:28)
    at beginWork (http://localhost:5173/node_modules/.vite/deps/chunk-NXESFFTV.js?v=20bb4e57:15972:22)
    at HTMLUnknownElement.callCallback2 (http://localhost:5173/node_modules/.vite/deps/chunk-NXESFFTV.js?v=20bb4e57:3680:22)
    at Object.invokeGuardedCallbackDev (http://localhost:5173/node_modules/.vite/deps/chunk-NXESFFTV.js?v=20bb4e57:3705:24)
[ 2696518ms] [ERROR] The above error occurred in the <Home> component:

    at Home (http://localhost:5173/src/pages/Home.tsx?t=1780873655731:298:41)
    at Route (http://localhost:5173/node_modules/.vite/deps/wouter.js?v=20bb4e57:303:16)
    at Switch (http://localhost:5173/node_modules/.vite/deps/wouter.js?v=20bb4e57:360:17)
    at Router
    at Provider (http://localhost:5173/node_modules/.vite/deps/chunk-MJZUJHM6.js?v=20bb4e57:39:15)
    at TooltipProvider (http://localhost:5173/node_modules/.vite/deps/@radix-ui_react-tooltip.js?v=20bb4e57:2656:5)
    at ThemeProvider (http://localhost:5173/src/contexts/ThemeContext.tsx:26:3)
    at ErrorBoundary (http://localhost:5173/src/components/ErrorBoundary.tsx:7:5)
    at App

React will try to recreate this component tree from scratch using the error boundary you provided, ErrorBoundary. @ http://localhost:5173/node_modules/.vite/deps/chunk-NXESFFTV.js?v=20bb4e57:14079
[ 2696519ms] [ERROR] ErrorBoundary caught an error: ReferenceError: Cannot access 'buildTransform' before initialization
    at http://localhost:5173/src/pages/Home.tsx?t=1780873655731:840:21
    at updateMemo (http://localhost:5173/node_modules/.vite/deps/chunk-NXESFFTV.js?v=20bb4e57:12258:27)
    at Object.useMemo (http://localhost:5173/node_modules/.vite/deps/chunk-NXESFFTV.js?v=20bb4e57:12774:24)
    at useMemo (http://localhost:5173/node_modules/.vite/deps/chunk-DRWLMN53.js?v=20bb4e57:1094:29)
    at Home (http://localhost:5173/src/pages/Home.tsx?t=1780873655731:781:19)
    at renderWithHooks (http://localhost:5173/node_modules/.vite/deps/chunk-NXESFFTV.js?v=20bb4e57:11596:26)
    at updateFunctionComponent (http://localhost:5173/node_modules/.vite/deps/chunk-NXESFFTV.js?v=20bb4e57:14630:28)
    at beginWork (http://localhost:5173/node_modules/.vite/deps/chunk-NXESFFTV.js?v=20bb4e57:15972:22)
    at beginWork$1 (http://localhost:5173/node_modules/.vite/deps/chunk-NXESFFTV.js?v=20bb4e57:19806:22)
    at performUnitOfWork (http://localhost:5173/node_modules/.vite/deps/chunk-NXESFFTV.js?v=20bb4e57:19251:20) {componentStack: 
    at Home (http://localhost:5173/src/pages/Home…/src/components/ErrorBoundary.tsx:7:5)
    at App} @ http://localhost:5173/src/components/ErrorBoundary.tsx:13
[ 2716144ms] ReferenceError: Cannot access 'buildTransform' before initialization
    at http://localhost:5173/src/pages/Home.tsx?t=1780873676084:840:21
    at mountMemo (http://localhost:5173/node_modules/.vite/deps/chunk-NXESFFTV.js?v=20bb4e57:12242:27)
    at Object.useMemo (http://localhost:5173/node_modules/.vite/deps/chunk-NXESFFTV.js?v=20bb4e57:12566:24)
    at useMemo (http://localhost:5173/node_modules/.vite/deps/chunk-DRWLMN53.js?v=20bb4e57:1094:29)
    at Home (http://localhost:5173/src/pages/Home.tsx?t=1780873676084:781:19)
    at renderWithHooks (http://localhost:5173/node_modules/.vite/deps/chunk-NXESFFTV.js?v=20bb4e57:11596:26)
    at mountIndeterminateComponent (http://localhost:5173/node_modules/.vite/deps/chunk-NXESFFTV.js?v=20bb4e57:14974:21)
    at beginWork (http://localhost:5173/node_modules/.vite/deps/chunk-NXESFFTV.js?v=20bb4e57:15962:22)
    at HTMLUnknownElement.callCallback2 (http://localhost:5173/node_modules/.vite/deps/chunk-NXESFFTV.js?v=20bb4e57:3680:22)
    at Object.invokeGuardedCallbackDev (http://localhost:5173/node_modules/.vite/deps/chunk-NXESFFTV.js?v=20bb4e57:3705:24)
[ 2716148ms] ReferenceError: Cannot access 'buildTransform' before initialization
    at http://localhost:5173/src/pages/Home.tsx?t=1780873676084:840:21
    at mountMemo (http://localhost:5173/node_modules/.vite/deps/chunk-NXESFFTV.js?v=20bb4e57:12242:27)
    at Object.useMemo (http://localhost:5173/node_modules/.vite/deps/chunk-NXESFFTV.js?v=20bb4e57:12566:24)
    at useMemo (http://localhost:5173/node_modules/.vite/deps/chunk-DRWLMN53.js?v=20bb4e57:1094:29)
    at Home (http://localhost:5173/src/pages/Home.tsx?t=1780873676084:781:19)
    at renderWithHooks (http://localhost:5173/node_modules/.vite/deps/chunk-NXESFFTV.js?v=20bb4e57:11596:26)
    at mountIndeterminateComponent (http://localhost:5173/node_modules/.vite/deps/chunk-NXESFFTV.js?v=20bb4e57:14974:21)
    at beginWork (http://localhost:5173/node_modules/.vite/deps/chunk-NXESFFTV.js?v=20bb4e57:15962:22)
    at HTMLUnknownElement.callCallback2 (http://localhost:5173/node_modules/.vite/deps/chunk-NXESFFTV.js?v=20bb4e57:3680:22)
    at Object.invokeGuardedCallbackDev (http://localhost:5173/node_modules/.vite/deps/chunk-NXESFFTV.js?v=20bb4e57:3705:24)
[ 2716150ms] [ERROR] The above error occurred in the <Home> component:

    at Home (http://localhost:5173/src/pages/Home.tsx?t=1780873676084:298:41)
    at Route (http://localhost:5173/node_modules/.vite/deps/wouter.js?v=20bb4e57:303:16)
    at Switch (http://localhost:5173/node_modules/.vite/deps/wouter.js?v=20bb4e57:360:17)
    at Router
    at Provider (http://localhost:5173/node_modules/.vite/deps/chunk-MJZUJHM6.js?v=20bb4e57:39:15)
    at TooltipProvider (http://localhost:5173/node_modules/.vite/deps/@radix-ui_react-tooltip.js?v=20bb4e57:2656:5)
    at ThemeProvider (http://localhost:5173/src/contexts/ThemeContext.tsx:26:3)
    at ErrorBoundary (http://localhost:5173/src/components/ErrorBoundary.tsx:7:5)
    at App

React will try to recreate this component tree from scratch using the error boundary you provided, ErrorBoundary. @ http://localhost:5173/node_modules/.vite/deps/chunk-NXESFFTV.js?v=20bb4e57:14079
[ 2716150ms] [ERROR] ErrorBoundary caught an error: ReferenceError: Cannot access 'buildTransform' before initialization
    at http://localhost:5173/src/pages/Home.tsx?t=1780873676084:840:21
    at mountMemo (http://localhost:5173/node_modules/.vite/deps/chunk-NXESFFTV.js?v=20bb4e57:12242:27)
    at Object.useMemo (http://localhost:5173/node_modules/.vite/deps/chunk-NXESFFTV.js?v=20bb4e57:12566:24)
    at useMemo (http://localhost:5173/node_modules/.vite/deps/chunk-DRWLMN53.js?v=20bb4e57:1094:29)
    at Home (http://localhost:5173/src/pages/Home.tsx?t=1780873676084:781:19)
    at renderWithHooks (http://localhost:5173/node_modules/.vite/deps/chunk-NXESFFTV.js?v=20bb4e57:11596:26)
    at mountIndeterminateComponent (http://localhost:5173/node_modules/.vite/deps/chunk-NXESFFTV.js?v=20bb4e57:14974:21)
    at beginWork (http://localhost:5173/node_modules/.vite/deps/chunk-NXESFFTV.js?v=20bb4e57:15962:22)
    at beginWork$1 (http://localhost:5173/node_modules/.vite/deps/chunk-NXESFFTV.js?v=20bb4e57:19806:22)
    at performUnitOfWork (http://localhost:5173/node_modules/.vite/deps/chunk-NXESFFTV.js?v=20bb4e57:19251:20) {componentStack: 
    at Home (http://localhost:5173/src/pages/Home…/src/components/ErrorBoundary.tsx:7:5)
    at App} @ http://localhost:5173/src/components/ErrorBoundary.tsx:13
[ 2726632ms] ReferenceError: Cannot access 'buildTransform' before initialization
    at http://localhost:5173/src/pages/Home.tsx?t=1780873686594:840:21
    at mountMemo (http://localhost:5173/node_modules/.vite/deps/chunk-NXESFFTV.js?v=20bb4e57:12242:27)
    at Object.useMemo (http://localhost:5173/node_modules/.vite/deps/chunk-NXESFFTV.js?v=20bb4e57:12566:24)
    at useMemo (http://localhost:5173/node_modules/.vite/deps/chunk-DRWLMN53.js?v=20bb4e57:1094:29)
    at Home (http://localhost:5173/src/pages/Home.tsx?t=1780873686594:781:19)
    at renderWithHooks (http://localhost:5173/node_modules/.vite/deps/chunk-NXESFFTV.js?v=20bb4e57:11596:26)
    at mountIndeterminateComponent (http://localhost:5173/node_modules/.vite/deps/chunk-NXESFFTV.js?v=20bb4e57:14974:21)
    at beginWork (http://localhost:5173/node_modules/.vite/deps/chunk-NXESFFTV.js?v=20bb4e57:15962:22)
    at HTMLUnknownElement.callCallback2 (http://localhost:5173/node_modules/.vite/deps/chunk-NXESFFTV.js?v=20bb4e57:3680:22)
    at Object.invokeGuardedCallbackDev (http://localhost:5173/node_modules/.vite/deps/chunk-NXESFFTV.js?v=20bb4e57:3705:24)
[ 2726634ms] ReferenceError: Cannot access 'buildTransform' before initialization
    at http://localhost:5173/src/pages/Home.tsx?t=1780873686594:840:21
    at mountMemo (http://localhost:5173/node_modules/.vite/deps/chunk-NXESFFTV.js?v=20bb4e57:12242:27)
    at Object.useMemo (http://localhost:5173/node_modules/.vite/deps/chunk-NXESFFTV.js?v=20bb4e57:12566:24)
    at useMemo (http://localhost:5173/node_modules/.vite/deps/chunk-DRWLMN53.js?v=20bb4e57:1094:29)
    at Home (http://localhost:5173/src/pages/Home.tsx?t=1780873686594:781:19)
    at renderWithHooks (http://localhost:5173/node_modules/.vite/deps/chunk-NXESFFTV.js?v=20bb4e57:11596:26)
    at mountIndeterminateComponent (http://localhost:5173/node_modules/.vite/deps/chunk-NXESFFTV.js?v=20bb4e57:14974:21)
    at beginWork (http://localhost:5173/node_modules/.vite/deps/chunk-NXESFFTV.js?v=20bb4e57:15962:22)
    at HTMLUnknownElement.callCallback2 (http://localhost:5173/node_modules/.vite/deps/chunk-NXESFFTV.js?v=20bb4e57:3680:22)
    at Object.invokeGuardedCallbackDev (http://localhost:5173/node_modules/.vite/deps/chunk-NXESFFTV.js?v=20bb4e57:3705:24)
[ 2726634ms] [ERROR] The above error occurred in the <Home> component:

    at Home (http://localhost:5173/src/pages/Home.tsx?t=1780873686594:298:41)
    at Route (http://localhost:5173/node_modules/.vite/deps/wouter.js?v=20bb4e57:303:16)
    at Switch (http://localhost:5173/node_modules/.vite/deps/wouter.js?v=20bb4e57:360:17)
    at Router
    at Provider (http://localhost:5173/node_modules/.vite/deps/chunk-MJZUJHM6.js?v=20bb4e57:39:15)
    at TooltipProvider (http://localhost:5173/node_modules/.vite/deps/@radix-ui_react-tooltip.js?v=20bb4e57:2656:5)
    at ThemeProvider (http://localhost:5173/src/contexts/ThemeContext.tsx:26:3)
    at ErrorBoundary (http://localhost:5173/src/components/ErrorBoundary.tsx:7:5)
    at App

React will try to recreate this component tree from scratch using the error boundary you provided, ErrorBoundary. @ http://localhost:5173/node_modules/.vite/deps/chunk-NXESFFTV.js?v=20bb4e57:14079
[ 2726634ms] [ERROR] ErrorBoundary caught an error: ReferenceError: Cannot access 'buildTransform' before initialization
    at http://localhost:5173/src/pages/Home.tsx?t=1780873686594:840:21
    at mountMemo (http://localhost:5173/node_modules/.vite/deps/chunk-NXESFFTV.js?v=20bb4e57:12242:27)
    at Object.useMemo (http://localhost:5173/node_modules/.vite/deps/chunk-NXESFFTV.js?v=20bb4e57:12566:24)
    at useMemo (http://localhost:5173/node_modules/.vite/deps/chunk-DRWLMN53.js?v=20bb4e57:1094:29)
    at Home (http://localhost:5173/src/pages/Home.tsx?t=1780873686594:781:19)
    at renderWithHooks (http://localhost:5173/node_modules/.vite/deps/chunk-NXESFFTV.js?v=20bb4e57:11596:26)
    at mountIndeterminateComponent (http://localhost:5173/node_modules/.vite/deps/chunk-NXESFFTV.js?v=20bb4e57:14974:21)
    at beginWork (http://localhost:5173/node_modules/.vite/deps/chunk-NXESFFTV.js?v=20bb4e57:15962:22)
    at beginWork$1 (http://localhost:5173/node_modules/.vite/deps/chunk-NXESFFTV.js?v=20bb4e57:19806:22)
    at performUnitOfWork (http://localhost:5173/node_modules/.vite/deps/chunk-NXESFFTV.js?v=20bb4e57:19251:20) {componentStack: 
    at Home (http://localhost:5173/src/pages/Home…/src/components/ErrorBoundary.tsx:7:5)
    at App} @ http://localhost:5173/src/components/ErrorBoundary.tsx:13
[ 2755742ms] ReferenceError: Cannot access 'buildTransform' before initialization
    at http://localhost:5173/src/pages/Home.tsx?t=1780873715687:840:21
    at mountMemo (http://localhost:5173/node_modules/.vite/deps/chunk-NXESFFTV.js?v=20bb4e57:12242:27)
    at Object.useMemo (http://localhost:5173/node_modules/.vite/deps/chunk-NXESFFTV.js?v=20bb4e57:12566:24)
    at useMemo (http://localhost:5173/node_modules/.vite/deps/chunk-DRWLMN53.js?v=20bb4e57:1094:29)
    at Home (http://localhost:5173/src/pages/Home.tsx?t=1780873715687:781:19)
    at renderWithHooks (http://localhost:5173/node_modules/.vite/deps/chunk-NXESFFTV.js?v=20bb4e57:11596:26)
    at mountIndeterminateComponent (http://localhost:5173/node_modules/.vite/deps/chunk-NXESFFTV.js?v=20bb4e57:14974:21)
    at beginWork (http://localhost:5173/node_modules/.vite/deps/chunk-NXESFFTV.js?v=20bb4e57:15962:22)
    at HTMLUnknownElement.callCallback2 (http://localhost:5173/node_modules/.vite/deps/chunk-NXESFFTV.js?v=20bb4e57:3680:22)
    at Object.invokeGuardedCallbackDev (http://localhost:5173/node_modules/.vite/deps/chunk-NXESFFTV.js?v=20bb4e57:3705:24)
[ 2755744ms] ReferenceError: Cannot access 'buildTransform' before initialization
    at http://localhost:5173/src/pages/Home.tsx?t=1780873715687:840:21
    at mountMemo (http://localhost:5173/node_modules/.vite/deps/chunk-NXESFFTV.js?v=20bb4e57:12242:27)
    at Object.useMemo (http://localhost:5173/node_modules/.vite/deps/chunk-NXESFFTV.js?v=20bb4e57:12566:24)
    at useMemo (http://localhost:5173/node_modules/.vite/deps/chunk-DRWLMN53.js?v=20bb4e57:1094:29)
    at Home (http://localhost:5173/src/pages/Home.tsx?t=1780873715687:781:19)
    at renderWithHooks (http://localhost:5173/node_modules/.vite/deps/chunk-NXESFFTV.js?v=20bb4e57:11596:26)
    at mountIndeterminateComponent (http://localhost:5173/node_modules/.vite/deps/chunk-NXESFFTV.js?v=20bb4e57:14974:21)
    at beginWork (http://localhost:5173/node_modules/.vite/deps/chunk-NXESFFTV.js?v=20bb4e57:15962:22)
    at HTMLUnknownElement.callCallback2 (http://localhost:5173/node_modules/.vite/deps/chunk-NXESFFTV.js?v=20bb4e57:3680:22)
    at Object.invokeGuardedCallbackDev (http://localhost:5173/node_modules/.vite/deps/chunk-NXESFFTV.js?v=20bb4e57:3705:24)
[ 2755745ms] [ERROR] The above error occurred in the <Home> component:

    at Home (http://localhost:5173/src/pages/Home.tsx?t=1780873715687:298:41)
    at Route (http://localhost:5173/node_modules/.vite/deps/wouter.js?v=20bb4e57:303:16)
    at Switch (http://localhost:5173/node_modules/.vite/deps/wouter.js?v=20bb4e57:360:17)
    at Router
    at Provider (http://localhost:5173/node_modules/.vite/deps/chunk-MJZUJHM6.js?v=20bb4e57:39:15)
    at TooltipProvider (http://localhost:5173/node_modules/.vite/deps/@radix-ui_react-tooltip.js?v=20bb4e57:2656:5)
    at ThemeProvider (http://localhost:5173/src/contexts/ThemeContext.tsx:26:3)
    at ErrorBoundary (http://localhost:5173/src/components/ErrorBoundary.tsx:7:5)
    at App

React will try to recreate this component tree from scratch using the error boundary you provided, ErrorBoundary. @ http://localhost:5173/node_modules/.vite/deps/chunk-NXESFFTV.js?v=20bb4e57:14079
[ 2755746ms] [ERROR] ErrorBoundary caught an error: ReferenceError: Cannot access 'buildTransform' before initialization
    at http://localhost:5173/src/pages/Home.tsx?t=1780873715687:840:21
    at mountMemo (http://localhost:5173/node_modules/.vite/deps/chunk-NXESFFTV.js?v=20bb4e57:12242:27)
    at Object.useMemo (http://localhost:5173/node_modules/.vite/deps/chunk-NXESFFTV.js?v=20bb4e57:12566:24)
    at useMemo (http://localhost:5173/node_modules/.vite/deps/chunk-DRWLMN53.js?v=20bb4e57:1094:29)
    at Home (http://localhost:5173/src/pages/Home.tsx?t=1780873715687:781:19)
    at renderWithHooks (http://localhost:5173/node_modules/.vite/deps/chunk-NXESFFTV.js?v=20bb4e57:11596:26)
    at mountIndeterminateComponent (http://localhost:5173/node_modules/.vite/deps/chunk-NXESFFTV.js?v=20bb4e57:14974:21)
    at beginWork (http://localhost:5173/node_modules/.vite/deps/chunk-NXESFFTV.js?v=20bb4e57:15962:22)
    at beginWork$1 (http://localhost:5173/node_modules/.vite/deps/chunk-NXESFFTV.js?v=20bb4e57:19806:22)
    at performUnitOfWork (http://localhost:5173/node_modules/.vite/deps/chunk-NXESFFTV.js?v=20bb4e57:19251:20) {componentStack: 
    at Home (http://localhost:5173/src/pages/Home…/src/components/ErrorBoundary.tsx:7:5)
    at App} @ http://localhost:5173/src/components/ErrorBoundary.tsx:13
[ 2765697ms] ReferenceError: Cannot access 'buildTransform' before initialization
    at http://localhost:5173/src/pages/Home.tsx?t=1780873725605:840:21
    at mountMemo (http://localhost:5173/node_modules/.vite/deps/chunk-NXESFFTV.js?v=20bb4e57:12242:27)
    at Object.useMemo (http://localhost:5173/node_modules/.vite/deps/chunk-NXESFFTV.js?v=20bb4e57:12566:24)
    at useMemo (http://localhost:5173/node_modules/.vite/deps/chunk-DRWLMN53.js?v=20bb4e57:1094:29)
    at Home (http://localhost:5173/src/pages/Home.tsx?t=1780873725605:781:19)
    at renderWithHooks (http://localhost:5173/node_modules/.vite/deps/chunk-NXESFFTV.js?v=20bb4e57:11596:26)
    at mountIndeterminateComponent (http://localhost:5173/node_modules/.vite/deps/chunk-NXESFFTV.js?v=20bb4e57:14974:21)
    at beginWork (http://localhost:5173/node_modules/.vite/deps/chunk-NXESFFTV.js?v=20bb4e57:15962:22)
    at HTMLUnknownElement.callCallback2 (http://localhost:5173/node_modules/.vite/deps/chunk-NXESFFTV.js?v=20bb4e57:3680:22)
    at Object.invokeGuardedCallbackDev (http://localhost:5173/node_modules/.vite/deps/chunk-NXESFFTV.js?v=20bb4e57:3705:24)
[ 2765700ms] ReferenceError: Cannot access 'buildTransform' before initialization
    at http://localhost:5173/src/pages/Home.tsx?t=1780873725605:840:21
    at mountMemo (http://localhost:5173/node_modules/.vite/deps/chunk-NXESFFTV.js?v=20bb4e57:12242:27)
    at Object.useMemo (http://localhost:5173/node_modules/.vite/deps/chunk-NXESFFTV.js?v=20bb4e57:12566:24)
    at useMemo (http://localhost:5173/node_modules/.vite/deps/chunk-DRWLMN53.js?v=20bb4e57:1094:29)
    at Home (http://localhost:5173/src/pages/Home.tsx?t=1780873725605:781:19)
    at renderWithHooks (http://localhost:5173/node_modules/.vite/deps/chunk-NXESFFTV.js?v=20bb4e57:11596:26)
    at mountIndeterminateComponent (http://localhost:5173/node_modules/.vite/deps/chunk-NXESFFTV.js?v=20bb4e57:14974:21)
    at beginWork (http://localhost:5173/node_modules/.vite/deps/chunk-NXESFFTV.js?v=20bb4e57:15962:22)
    at HTMLUnknownElement.callCallback2 (http://localhost:5173/node_modules/.vite/deps/chunk-NXESFFTV.js?v=20bb4e57:3680:22)
    at Object.invokeGuardedCallbackDev (http://localhost:5173/node_modules/.vite/deps/chunk-NXESFFTV.js?v=20bb4e57:3705:24)
[ 2765700ms] [ERROR] The above error occurred in the <Home> component:

    at Home (http://localhost:5173/src/pages/Home.tsx?t=1780873725605:298:41)
    at Route (http://localhost:5173/node_modules/.vite/deps/wouter.js?v=20bb4e57:303:16)
    at Switch (http://localhost:5173/node_modules/.vite/deps/wouter.js?v=20bb4e57:360:17)
    at Router
    at Provider (http://localhost:5173/node_modules/.vite/deps/chunk-MJZUJHM6.js?v=20bb4e57:39:15)
    at TooltipProvider (http://localhost:5173/node_modules/.vite/deps/@radix-ui_react-tooltip.js?v=20bb4e57:2656:5)
    at ThemeProvider (http://localhost:5173/src/contexts/ThemeContext.tsx:26:3)
    at ErrorBoundary (http://localhost:5173/src/components/ErrorBoundary.tsx:7:5)
    at App

React will try to recreate this component tree from scratch using the error boundary you provided, ErrorBoundary. @ http://localhost:5173/node_modules/.vite/deps/chunk-NXESFFTV.js?v=20bb4e57:14079
[ 2765700ms] [ERROR] ErrorBoundary caught an error: ReferenceError: Cannot access 'buildTransform' before initialization
    at http://localhost:5173/src/pages/Home.tsx?t=1780873725605:840:21
    at mountMemo (http://localhost:5173/node_modules/.vite/deps/chunk-NXESFFTV.js?v=20bb4e57:12242:27)
    at Object.useMemo (http://localhost:5173/node_modules/.vite/deps/chunk-NXESFFTV.js?v=20bb4e57:12566:24)
    at useMemo (http://localhost:5173/node_modules/.vite/deps/chunk-DRWLMN53.js?v=20bb4e57:1094:29)
    at Home (http://localhost:5173/src/pages/Home.tsx?t=1780873725605:781:19)
    at renderWithHooks (http://localhost:5173/node_modules/.vite/deps/chunk-NXESFFTV.js?v=20bb4e57:11596:26)
    at mountIndeterminateComponent (http://localhost:5173/node_modules/.vite/deps/chunk-NXESFFTV.js?v=20bb4e57:14974:21)
    at beginWork (http://localhost:5173/node_modules/.vite/deps/chunk-NXESFFTV.js?v=20bb4e57:15962:22)
    at beginWork$1 (http://localhost:5173/node_modules/.vite/deps/chunk-NXESFFTV.js?v=20bb4e57:19806:22)
    at performUnitOfWork (http://localhost:5173/node_modules/.vite/deps/chunk-NXESFFTV.js?v=20bb4e57:19251:20) {componentStack: 
    at Home (http://localhost:5173/src/pages/Home…/src/components/ErrorBoundary.tsx:7:5)
    at App} @ http://localhost:5173/src/components/ErrorBoundary.tsx:13
[ 2824766ms] ReferenceError: Cannot access 'buildTransform' before initialization
    at http://localhost:5173/src/pages/Home.tsx?t=1780873784657:840:21
    at mountMemo (http://localhost:5173/node_modules/.vite/deps/chunk-NXESFFTV.js?v=20bb4e57:12242:27)
    at Object.useMemo (http://localhost:5173/node_modules/.vite/deps/chunk-NXESFFTV.js?v=20bb4e57:12566:24)
    at useMemo (http://localhost:5173/node_modules/.vite/deps/chunk-DRWLMN53.js?v=20bb4e57:1094:29)
    at Home (http://localhost:5173/src/pages/Home.tsx?t=1780873784657:781:19)
    at renderWithHooks (http://localhost:5173/node_modules/.vite/deps/chunk-NXESFFTV.js?v=20bb4e57:11596:26)
    at mountIndeterminateComponent (http://localhost:5173/node_modules/.vite/deps/chunk-NXESFFTV.js?v=20bb4e57:14974:21)
    at beginWork (http://localhost:5173/node_modules/.vite/deps/chunk-NXESFFTV.js?v=20bb4e57:15962:22)
    at HTMLUnknownElement.callCallback2 (http://localhost:5173/node_modules/.vite/deps/chunk-NXESFFTV.js?v=20bb4e57:3680:22)
    at Object.invokeGuardedCallbackDev (http://localhost:5173/node_modules/.vite/deps/chunk-NXESFFTV.js?v=20bb4e57:3705:24)
[ 2824767ms] ReferenceError: Cannot access 'buildTransform' before initialization
    at http://localhost:5173/src/pages/Home.tsx?t=1780873784657:840:21
    at mountMemo (http://localhost:5173/node_modules/.vite/deps/chunk-NXESFFTV.js?v=20bb4e57:12242:27)
    at Object.useMemo (http://localhost:5173/node_modules/.vite/deps/chunk-NXESFFTV.js?v=20bb4e57:12566:24)
    at useMemo (http://localhost:5173/node_modules/.vite/deps/chunk-DRWLMN53.js?v=20bb4e57:1094:29)
    at Home (http://localhost:5173/src/pages/Home.tsx?t=1780873784657:781:19)
    at renderWithHooks (http://localhost:5173/node_modules/.vite/deps/chunk-NXESFFTV.js?v=20bb4e57:11596:26)
    at mountIndeterminateComponent (http://localhost:5173/node_modules/.vite/deps/chunk-NXESFFTV.js?v=20bb4e57:14974:21)
    at beginWork (http://localhost:5173/node_modules/.vite/deps/chunk-NXESFFTV.js?v=20bb4e57:15962:22)
    at HTMLUnknownElement.callCallback2 (http://localhost:5173/node_modules/.vite/deps/chunk-NXESFFTV.js?v=20bb4e57:3680:22)
    at Object.invokeGuardedCallbackDev (http://localhost:5173/node_modules/.vite/deps/chunk-NXESFFTV.js?v=20bb4e57:3705:24)
[ 2824769ms] [ERROR] The above error occurred in the <Home> component:

    at Home (http://localhost:5173/src/pages/Home.tsx?t=1780873784657:298:41)
    at Route (http://localhost:5173/node_modules/.vite/deps/wouter.js?v=20bb4e57:303:16)
    at Switch (http://localhost:5173/node_modules/.vite/deps/wouter.js?v=20bb4e57:360:17)
    at Router
    at Provider (http://localhost:5173/node_modules/.vite/deps/chunk-MJZUJHM6.js?v=20bb4e57:39:15)
    at TooltipProvider (http://localhost:5173/node_modules/.vite/deps/@radix-ui_react-tooltip.js?v=20bb4e57:2656:5)
    at ThemeProvider (http://localhost:5173/src/contexts/ThemeContext.tsx:26:3)
    at ErrorBoundary (http://localhost:5173/src/components/ErrorBoundary.tsx:7:5)
    at App

React will try to recreate this component tree from scratch using the error boundary you provided, ErrorBoundary. @ http://localhost:5173/node_modules/.vite/deps/chunk-NXESFFTV.js?v=20bb4e57:14079
[ 2824769ms] [ERROR] ErrorBoundary caught an error: ReferenceError: Cannot access 'buildTransform' before initialization
    at http://localhost:5173/src/pages/Home.tsx?t=1780873784657:840:21
    at mountMemo (http://localhost:5173/node_modules/.vite/deps/chunk-NXESFFTV.js?v=20bb4e57:12242:27)
    at Object.useMemo (http://localhost:5173/node_modules/.vite/deps/chunk-NXESFFTV.js?v=20bb4e57:12566:24)
    at useMemo (http://localhost:5173/node_modules/.vite/deps/chunk-DRWLMN53.js?v=20bb4e57:1094:29)
    at Home (http://localhost:5173/src/pages/Home.tsx?t=1780873784657:781:19)
    at renderWithHooks (http://localhost:5173/node_modules/.vite/deps/chunk-NXESFFTV.js?v=20bb4e57:11596:26)
    at mountIndeterminateComponent (http://localhost:5173/node_modules/.vite/deps/chunk-NXESFFTV.js?v=20bb4e57:14974:21)
    at beginWork (http://localhost:5173/node_modules/.vite/deps/chunk-NXESFFTV.js?v=20bb4e57:15962:22)
    at beginWork$1 (http://localhost:5173/node_modules/.vite/deps/chunk-NXESFFTV.js?v=20bb4e57:19806:22)
    at performUnitOfWork (http://localhost:5173/node_modules/.vite/deps/chunk-NXESFFTV.js?v=20bb4e57:19251:20) {componentStack: 
    at Home (http://localhost:5173/src/pages/Home…/src/components/ErrorBoundary.tsx:7:5)
    at App} @ http://localhost:5173/src/components/ErrorBoundary.tsx:13
[ 2838158ms] ReferenceError: Cannot access 'buildTransform' before initialization
    at http://localhost:5173/src/pages/Home.tsx?t=1780873798131:840:21
    at mountMemo (http://localhost:5173/node_modules/.vite/deps/chunk-NXESFFTV.js?v=20bb4e57:12242:27)
    at Object.useMemo (http://localhost:5173/node_modules/.vite/deps/chunk-NXESFFTV.js?v=20bb4e57:12566:24)
    at useMemo (http://localhost:5173/node_modules/.vite/deps/chunk-DRWLMN53.js?v=20bb4e57:1094:29)
    at Home (http://localhost:5173/src/pages/Home.tsx?t=1780873798131:781:19)
    at renderWithHooks (http://localhost:5173/node_modules/.vite/deps/chunk-NXESFFTV.js?v=20bb4e57:11596:26)
    at mountIndeterminateComponent (http://localhost:5173/node_modules/.vite/deps/chunk-NXESFFTV.js?v=20bb4e57:14974:21)
    at beginWork (http://localhost:5173/node_modules/.vite/deps/chunk-NXESFFTV.js?v=20bb4e57:15962:22)
    at HTMLUnknownElement.callCallback2 (http://localhost:5173/node_modules/.vite/deps/chunk-NXESFFTV.js?v=20bb4e57:3680:22)
    at Object.invokeGuardedCallbackDev (http://localhost:5173/node_modules/.vite/deps/chunk-NXESFFTV.js?v=20bb4e57:3705:24)
[ 2838162ms] ReferenceError: Cannot access 'buildTransform' before initialization
    at http://localhost:5173/src/pages/Home.tsx?t=1780873798131:840:21
    at mountMemo (http://localhost:5173/node_modules/.vite/deps/chunk-NXESFFTV.js?v=20bb4e57:12242:27)
    at Object.useMemo (http://localhost:5173/node_modules/.vite/deps/chunk-NXESFFTV.js?v=20bb4e57:12566:24)
    at useMemo (http://localhost:5173/node_modules/.vite/deps/chunk-DRWLMN53.js?v=20bb4e57:1094:29)
    at Home (http://localhost:5173/src/pages/Home.tsx?t=1780873798131:781:19)
    at renderWithHooks (http://localhost:5173/node_modules/.vite/deps/chunk-NXESFFTV.js?v=20bb4e57:11596:26)
    at mountIndeterminateComponent (http://localhost:5173/node_modules/.vite/deps/chunk-NXESFFTV.js?v=20bb4e57:14974:21)
    at beginWork (http://localhost:5173/node_modules/.vite/deps/chunk-NXESFFTV.js?v=20bb4e57:15962:22)
    at HTMLUnknownElement.callCallback2 (http://localhost:5173/node_modules/.vite/deps/chunk-NXESFFTV.js?v=20bb4e57:3680:22)
    at Object.invokeGuardedCallbackDev (http://localhost:5173/node_modules/.vite/deps/chunk-NXESFFTV.js?v=20bb4e57:3705:24)
[ 2838159ms] [ERROR] The above error occurred in the <Home> component:

    at Home (http://localhost:5173/src/pages/Home.tsx?t=1780873798131:298:41)
    at Route (http://localhost:5173/node_modules/.vite/deps/wouter.js?v=20bb4e57:303:16)
    at Switch (http://localhost:5173/node_modules/.vite/deps/wouter.js?v=20bb4e57:360:17)
    at Router
    at Provider (http://localhost:5173/node_modules/.vite/deps/chunk-MJZUJHM6.js?v=20bb4e57:39:15)
    at TooltipProvider (http://localhost:5173/node_modules/.vite/deps/@radix-ui_react-tooltip.js?v=20bb4e57:2656:5)
    at ThemeProvider (http://localhost:5173/src/contexts/ThemeContext.tsx:26:3)
    at ErrorBoundary (http://localhost:5173/src/components/ErrorBoundary.tsx:7:5)
    at App

React will try to recreate this component tree from scratch using the error boundary you provided, ErrorBoundary. @ http://localhost:5173/node_modules/.vite/deps/chunk-NXESFFTV.js?v=20bb4e57:14079
[ 2838159ms] [ERROR] ErrorBoundary caught an error: ReferenceError: Cannot access 'buildTransform' before initialization
    at http://localhost:5173/src/pages/Home.tsx?t=1780873798131:840:21
    at mountMemo (http://localhost:5173/node_modules/.vite/deps/chunk-NXESFFTV.js?v=20bb4e57:12242:27)
    at Object.useMemo (http://localhost:5173/node_modules/.vite/deps/chunk-NXESFFTV.js?v=20bb4e57:12566:24)
    at useMemo (http://localhost:5173/node_modules/.vite/deps/chunk-DRWLMN53.js?v=20bb4e57:1094:29)
    at Home (http://localhost:5173/src/pages/Home.tsx?t=1780873798131:781:19)
    at renderWithHooks (http://localhost:5173/node_modules/.vite/deps/chunk-NXESFFTV.js?v=20bb4e57:11596:26)
    at mountIndeterminateComponent (http://localhost:5173/node_modules/.vite/deps/chunk-NXESFFTV.js?v=20bb4e57:14974:21)
    at beginWork (http://localhost:5173/node_modules/.vite/deps/chunk-NXESFFTV.js?v=20bb4e57:15962:22)
    at beginWork$1 (http://localhost:5173/node_modules/.vite/deps/chunk-NXESFFTV.js?v=20bb4e57:19806:22)
    at performUnitOfWork (http://localhost:5173/node_modules/.vite/deps/chunk-NXESFFTV.js?v=20bb4e57:19251:20) {componentStack: 
    at Home (http://localhost:5173/src/pages/Home…/src/components/ErrorBoundary.tsx:7:5)
    at App} @ http://localhost:5173/src/components/ErrorBoundary.tsx:13
[ 2943960ms] [INFO] %cDownload the React DevTools for a better development experience: https://reactjs.org/link/react-devtools font-weight:bold @ http://localhost:5173/node_modules/.vite/deps/chunk-NXESFFTV.js?v=20bb4e57:21608
[ 2944091ms] ReferenceError: Cannot access 'buildTransform' before initialization
    at http://localhost:5173/src/pages/Home.tsx?t=1780873798131:840:21
    at mountMemo (http://localhost:5173/node_modules/.vite/deps/chunk-NXESFFTV.js?v=20bb4e57:12242:27)
    at Object.useMemo (http://localhost:5173/node_modules/.vite/deps/chunk-NXESFFTV.js?v=20bb4e57:12566:24)
    at useMemo (http://localhost:5173/node_modules/.vite/deps/chunk-DRWLMN53.js?v=20bb4e57:1094:29)
    at Home (http://localhost:5173/src/pages/Home.tsx?t=1780873798131:781:19)
    at renderWithHooks (http://localhost:5173/node_modules/.vite/deps/chunk-NXESFFTV.js?v=20bb4e57:11596:26)
    at mountIndeterminateComponent (http://localhost:5173/node_modules/.vite/deps/chunk-NXESFFTV.js?v=20bb4e57:14974:21)
    at beginWork (http://localhost:5173/node_modules/.vite/deps/chunk-NXESFFTV.js?v=20bb4e57:15962:22)
    at HTMLUnknownElement.callCallback2 (http://localhost:5173/node_modules/.vite/deps/chunk-NXESFFTV.js?v=20bb4e57:3680:22)
    at Object.invokeGuardedCallbackDev (http://localhost:5173/node_modules/.vite/deps/chunk-NXESFFTV.js?v=20bb4e57:3705:24)
[ 2944091ms] ReferenceError: Cannot access 'buildTransform' before initialization
    at http://localhost:5173/src/pages/Home.tsx?t=1780873798131:840:21
    at mountMemo (http://localhost:5173/node_modules/.vite/deps/chunk-NXESFFTV.js?v=20bb4e57:12242:27)
    at Object.useMemo (http://localhost:5173/node_modules/.vite/deps/chunk-NXESFFTV.js?v=20bb4e57:12566:24)
    at useMemo (http://localhost:5173/node_modules/.vite/deps/chunk-DRWLMN53.js?v=20bb4e57:1094:29)
    at Home (http://localhost:5173/src/pages/Home.tsx?t=1780873798131:781:19)
    at renderWithHooks (http://localhost:5173/node_modules/.vite/deps/chunk-NXESFFTV.js?v=20bb4e57:11596:26)
    at mountIndeterminateComponent (http://localhost:5173/node_modules/.vite/deps/chunk-NXESFFTV.js?v=20bb4e57:14974:21)
    at beginWork (http://localhost:5173/node_modules/.vite/deps/chunk-NXESFFTV.js?v=20bb4e57:15962:22)
    at HTMLUnknownElement.callCallback2 (http://localhost:5173/node_modules/.vite/deps/chunk-NXESFFTV.js?v=20bb4e57:3680:22)
    at Object.invokeGuardedCallbackDev (http://localhost:5173/node_modules/.vite/deps/chunk-NXESFFTV.js?v=20bb4e57:3705:24)
[ 2943986ms] [ERROR] The above error occurred in the <Home> component:

    at Home (http://localhost:5173/src/pages/Home.tsx?t=1780873798131:298:41)
    at Route (http://localhost:5173/node_modules/.vite/deps/wouter.js?v=20bb4e57:303:16)
    at Switch (http://localhost:5173/node_modules/.vite/deps/wouter.js?v=20bb4e57:360:17)
    at Router
    at Provider (http://localhost:5173/node_modules/.vite/deps/chunk-MJZUJHM6.js?v=20bb4e57:39:15)
    at TooltipProvider (http://localhost:5173/node_modules/.vite/deps/@radix-ui_react-tooltip.js?v=20bb4e57:2656:5)
    at ThemeProvider (http://localhost:5173/src/contexts/ThemeContext.tsx:26:3)
    at ErrorBoundary (http://localhost:5173/src/components/ErrorBoundary.tsx:7:5)
    at App

React will try to recreate this component tree from scratch using the error boundary you provided, ErrorBoundary. @ http://localhost:5173/node_modules/.vite/deps/chunk-NXESFFTV.js?v=20bb4e57:14079
[ 2943986ms] [ERROR] ErrorBoundary caught an error: ReferenceError: Cannot access 'buildTransform' before initialization
    at http://localhost:5173/src/pages/Home.tsx?t=1780873798131:840:21
    at mountMemo (http://localhost:5173/node_modules/.vite/deps/chunk-NXESFFTV.js?v=20bb4e57:12242:27)
    at Object.useMemo (http://localhost:5173/node_modules/.vite/deps/chunk-NXESFFTV.js?v=20bb4e57:12566:24)
    at useMemo (http://localhost:5173/node_modules/.vite/deps/chunk-DRWLMN53.js?v=20bb4e57:1094:29)
    at Home (http://localhost:5173/src/pages/Home.tsx?t=1780873798131:781:19)
    at renderWithHooks (http://localhost:5173/node_modules/.vite/deps/chunk-NXESFFTV.js?v=20bb4e57:11596:26)
    at mountIndeterminateComponent (http://localhost:5173/node_modules/.vite/deps/chunk-NXESFFTV.js?v=20bb4e57:14974:21)
    at beginWork (http://localhost:5173/node_modules/.vite/deps/chunk-NXESFFTV.js?v=20bb4e57:15962:22)
    at beginWork$1 (http://localhost:5173/node_modules/.vite/deps/chunk-NXESFFTV.js?v=20bb4e57:19806:22)
    at performUnitOfWork (http://localhost:5173/node_modules/.vite/deps/chunk-NXESFFTV.js?v=20bb4e57:19251:20) {componentStack: 
    at Home (http://localhost:5173/src/pages/Home…/src/components/ErrorBoundary.tsx:7:5)
    at App} @ http://localhost:5173/src/components/ErrorBoundary.tsx:13
[ 2944837ms] [INFO] %cDownload the React DevTools for a better development experience: https://reactjs.org/link/react-devtools font-weight:bold @ http://localhost:5173/node_modules/.vite/deps/chunk-NXESFFTV.js?v=20bb4e57:21608
[ 2945854ms] ReferenceError: Cannot access 'buildTransform' before initialization
    at http://localhost:5173/src/pages/Home.tsx?t=1780873798131:840:21
    at mountMemo (http://localhost:5173/node_modules/.vite/deps/chunk-NXESFFTV.js?v=20bb4e57:12242:27)
    at Object.useMemo (http://localhost:5173/node_modules/.vite/deps/chunk-NXESFFTV.js?v=20bb4e57:12566:24)
    at useMemo (http://localhost:5173/node_modules/.vite/deps/chunk-DRWLMN53.js?v=20bb4e57:1094:29)
    at Home (http://localhost:5173/src/pages/Home.tsx?t=1780873798131:781:19)
    at renderWithHooks (http://localhost:5173/node_modules/.vite/deps/chunk-NXESFFTV.js?v=20bb4e57:11596:26)
    at mountIndeterminateComponent (http://localhost:5173/node_modules/.vite/deps/chunk-NXESFFTV.js?v=20bb4e57:14974:21)
    at beginWork (http://localhost:5173/node_modules/.vite/deps/chunk-NXESFFTV.js?v=20bb4e57:15962:22)
    at HTMLUnknownElement.callCallback2 (http://localhost:5173/node_modules/.vite/deps/chunk-NXESFFTV.js?v=20bb4e57:3680:22)
    at Object.invokeGuardedCallbackDev (http://localhost:5173/node_modules/.vite/deps/chunk-NXESFFTV.js?v=20bb4e57:3705:24)
[ 2945854ms] ReferenceError: Cannot access 'buildTransform' before initialization
    at http://localhost:5173/src/pages/Home.tsx?t=1780873798131:840:21
    at mountMemo (http://localhost:5173/node_modules/.vite/deps/chunk-NXESFFTV.js?v=20bb4e57:12242:27)
    at Object.useMemo (http://localhost:5173/node_modules/.vite/deps/chunk-NXESFFTV.js?v=20bb4e57:12566:24)
    at useMemo (http://localhost:5173/node_modules/.vite/deps/chunk-DRWLMN53.js?v=20bb4e57:1094:29)
    at Home (http://localhost:5173/src/pages/Home.tsx?t=1780873798131:781:19)
    at renderWithHooks (http://localhost:5173/node_modules/.vite/deps/chunk-NXESFFTV.js?v=20bb4e57:11596:26)
    at mountIndeterminateComponent (http://localhost:5173/node_modules/.vite/deps/chunk-NXESFFTV.js?v=20bb4e57:14974:21)
    at beginWork (http://localhost:5173/node_modules/.vite/deps/chunk-NXESFFTV.js?v=20bb4e57:15962:22)
    at HTMLUnknownElement.callCallback2 (http://localhost:5173/node_modules/.vite/deps/chunk-NXESFFTV.js?v=20bb4e57:3680:22)
    at Object.invokeGuardedCallbackDev (http://localhost:5173/node_modules/.vite/deps/chunk-NXESFFTV.js?v=20bb4e57:3705:24)
[ 2944849ms] [ERROR] The above error occurred in the <Home> component:

    at Home (http://localhost:5173/src/pages/Home.tsx?t=1780873798131:298:41)
    at Route (http://localhost:5173/node_modules/.vite/deps/wouter.js?v=20bb4e57:303:16)
    at Switch (http://localhost:5173/node_modules/.vite/deps/wouter.js?v=20bb4e57:360:17)
    at Router
    at Provider (http://localhost:5173/node_modules/.vite/deps/chunk-MJZUJHM6.js?v=20bb4e57:39:15)
    at TooltipProvider (http://localhost:5173/node_modules/.vite/deps/@radix-ui_react-tooltip.js?v=20bb4e57:2656:5)
    at ThemeProvider (http://localhost:5173/src/contexts/ThemeContext.tsx:26:3)
    at ErrorBoundary (http://localhost:5173/src/components/ErrorBoundary.tsx:7:5)
    at App

React will try to recreate this component tree from scratch using the error boundary you provided, ErrorBoundary. @ http://localhost:5173/node_modules/.vite/deps/chunk-NXESFFTV.js?v=20bb4e57:14079
[ 2944849ms] [ERROR] ErrorBoundary caught an error: ReferenceError: Cannot access 'buildTransform' before initialization
    at http://localhost:5173/src/pages/Home.tsx?t=1780873798131:840:21
    at mountMemo (http://localhost:5173/node_modules/.vite/deps/chunk-NXESFFTV.js?v=20bb4e57:12242:27)
    at Object.useMemo (http://localhost:5173/node_modules/.vite/deps/chunk-NXESFFTV.js?v=20bb4e57:12566:24)
    at useMemo (http://localhost:5173/node_modules/.vite/deps/chunk-DRWLMN53.js?v=20bb4e57:1094:29)
    at Home (http://localhost:5173/src/pages/Home.tsx?t=1780873798131:781:19)
    at renderWithHooks (http://localhost:5173/node_modules/.vite/deps/chunk-NXESFFTV.js?v=20bb4e57:11596:26)
    at mountIndeterminateComponent (http://localhost:5173/node_modules/.vite/deps/chunk-NXESFFTV.js?v=20bb4e57:14974:21)
    at beginWork (http://localhost:5173/node_modules/.vite/deps/chunk-NXESFFTV.js?v=20bb4e57:15962:22)
    at beginWork$1 (http://localhost:5173/node_modules/.vite/deps/chunk-NXESFFTV.js?v=20bb4e57:19806:22)
    at performUnitOfWork (http://localhost:5173/node_modules/.vite/deps/chunk-NXESFFTV.js?v=20bb4e57:19251:20) {componentStack: 
    at Home (http://localhost:5173/src/pages/Home…/src/components/ErrorBoundary.tsx:7:5)
    at App} @ http://localhost:5173/src/components/ErrorBoundary.tsx:13
[ 2945725ms] [INFO] %cDownload the React DevTools for a better development experience: https://reactjs.org/link/react-devtools font-weight:bold @ http://localhost:5173/node_modules/.vite/deps/chunk-NXESFFTV.js?v=20bb4e57:21608
[ 2945978ms] ReferenceError: Cannot access 'buildTransform' before initialization
    at http://localhost:5173/src/pages/Home.tsx?t=1780873798131:840:21
    at mountMemo (http://localhost:5173/node_modules/.vite/deps/chunk-NXESFFTV.js?v=20bb4e57:12242:27)
    at Object.useMemo (http://localhost:5173/node_modules/.vite/deps/chunk-NXESFFTV.js?v=20bb4e57:12566:24)
    at useMemo (http://localhost:5173/node_modules/.vite/deps/chunk-DRWLMN53.js?v=20bb4e57:1094:29)
    at Home (http://localhost:5173/src/pages/Home.tsx?t=1780873798131:781:19)
    at renderWithHooks (http://localhost:5173/node_modules/.vite/deps/chunk-NXESFFTV.js?v=20bb4e57:11596:26)
    at mountIndeterminateComponent (http://localhost:5173/node_modules/.vite/deps/chunk-NXESFFTV.js?v=20bb4e57:14974:21)
    at beginWork (http://localhost:5173/node_modules/.vite/deps/chunk-NXESFFTV.js?v=20bb4e57:15962:22)
    at HTMLUnknownElement.callCallback2 (http://localhost:5173/node_modules/.vite/deps/chunk-NXESFFTV.js?v=20bb4e57:3680:22)
    at Object.invokeGuardedCallbackDev (http://localhost:5173/node_modules/.vite/deps/chunk-NXESFFTV.js?v=20bb4e57:3705:24)
[ 2945978ms] ReferenceError: Cannot access 'buildTransform' before initialization
    at http://localhost:5173/src/pages/Home.tsx?t=1780873798131:840:21
    at mountMemo (http://localhost:5173/node_modules/.vite/deps/chunk-NXESFFTV.js?v=20bb4e57:12242:27)
    at Object.useMemo (http://localhost:5173/node_modules/.vite/deps/chunk-NXESFFTV.js?v=20bb4e57:12566:24)
    at useMemo (http://localhost:5173/node_modules/.vite/deps/chunk-DRWLMN53.js?v=20bb4e57:1094:29)
    at Home (http://localhost:5173/src/pages/Home.tsx?t=1780873798131:781:19)
    at renderWithHooks (http://localhost:5173/node_modules/.vite/deps/chunk-NXESFFTV.js?v=20bb4e57:11596:26)
    at mountIndeterminateComponent (http://localhost:5173/node_modules/.vite/deps/chunk-NXESFFTV.js?v=20bb4e57:14974:21)
    at beginWork (http://localhost:5173/node_modules/.vite/deps/chunk-NXESFFTV.js?v=20bb4e57:15962:22)
    at HTMLUnknownElement.callCallback2 (http://localhost:5173/node_modules/.vite/deps/chunk-NXESFFTV.js?v=20bb4e57:3680:22)
    at Object.invokeGuardedCallbackDev (http://localhost:5173/node_modules/.vite/deps/chunk-NXESFFTV.js?v=20bb4e57:3705:24)
[ 2945739ms] [ERROR] The above error occurred in the <Home> component:

    at Home (http://localhost:5173/src/pages/Home.tsx?t=1780873798131:298:41)
    at Route (http://localhost:5173/node_modules/.vite/deps/wouter.js?v=20bb4e57:303:16)
    at Switch (http://localhost:5173/node_modules/.vite/deps/wouter.js?v=20bb4e57:360:17)
    at Router
    at Provider (http://localhost:5173/node_modules/.vite/deps/chunk-MJZUJHM6.js?v=20bb4e57:39:15)
    at TooltipProvider (http://localhost:5173/node_modules/.vite/deps/@radix-ui_react-tooltip.js?v=20bb4e57:2656:5)
    at ThemeProvider (http://localhost:5173/src/contexts/ThemeContext.tsx:26:3)
    at ErrorBoundary (http://localhost:5173/src/components/ErrorBoundary.tsx:7:5)
    at App

React will try to recreate this component tree from scratch using the error boundary you provided, ErrorBoundary. @ http://localhost:5173/node_modules/.vite/deps/chunk-NXESFFTV.js?v=20bb4e57:14079
[ 2945739ms] [ERROR] ErrorBoundary caught an error: ReferenceError: Cannot access 'buildTransform' before initialization
    at http://localhost:5173/src/pages/Home.tsx?t=1780873798131:840:21
    at mountMemo (http://localhost:5173/node_modules/.vite/deps/chunk-NXESFFTV.js?v=20bb4e57:12242:27)
    at Object.useMemo (http://localhost:5173/node_modules/.vite/deps/chunk-NXESFFTV.js?v=20bb4e57:12566:24)
    at useMemo (http://localhost:5173/node_modules/.vite/deps/chunk-DRWLMN53.js?v=20bb4e57:1094:29)
    at Home (http://localhost:5173/src/pages/Home.tsx?t=1780873798131:781:19)
    at renderWithHooks (http://localhost:5173/node_modules/.vite/deps/chunk-NXESFFTV.js?v=20bb4e57:11596:26)
    at mountIndeterminateComponent (http://localhost:5173/node_modules/.vite/deps/chunk-NXESFFTV.js?v=20bb4e57:14974:21)
    at beginWork (http://localhost:5173/node_modules/.vite/deps/chunk-NXESFFTV.js?v=20bb4e57:15962:22)
    at beginWork$1 (http://localhost:5173/node_modules/.vite/deps/chunk-NXESFFTV.js?v=20bb4e57:19806:22)
    at performUnitOfWork (http://localhost:5173/node_modules/.vite/deps/chunk-NXESFFTV.js?v=20bb4e57:19251:20) {componentStack: 
    at Home (http://localhost:5173/src/pages/Home…/src/components/ErrorBoundary.tsx:7:5)
    at App} @ http://localhost:5173/src/components/ErrorBoundary.tsx:13
[ 3129530ms] [INFO] %cDownload the React DevTools for a better development experience: https://reactjs.org/link/react-devtools font-weight:bold @ http://localhost:5173/node_modules/.vite/deps/chunk-NXESFFTV.js?v=20bb4e57:21608
[ 3487338ms] [INFO] %cDownload the React DevTools for a better development experience: https://reactjs.org/link/react-devtools font-weight:bold @ http://localhost:5173/node_modules/.vite/deps/chunk-NXESFFTV.js?v=20bb4e57:21608
[ 3784903ms] [INFO] %cDownload the React DevTools for a better development experience: https://reactjs.org/link/react-devtools font-weight:bold @ http://localhost:5173/node_modules/.vite/deps/chunk-NXESFFTV.js?v=20bb4e57:21608
[ 4268759ms] [INFO] %cDownload the React DevTools for a better development experience: https://reactjs.org/link/react-devtools font-weight:bold @ http://localhost:5173/node_modules/.vite/deps/chunk-NXESFFTV.js?v=20bb4e57:21608
[ 4823405ms] [INFO] %cDownload the React DevTools for a better development experience: https://reactjs.org/link/react-devtools font-weight:bold @ http://localhost:5173/node_modules/.vite/deps/chunk-NXESFFTV.js?v=20bb4e57:21608
[ 5119306ms] [INFO] %cDownload the React DevTools for a better development experience: https://reactjs.org/link/react-devtools font-weight:bold @ http://localhost:5173/node_modules/.vite/deps/chunk-NXESFFTV.js?v=20bb4e57:21608
[ 7663909ms] [INFO] %cDownload the React DevTools for a better development experience: https://reactjs.org/link/react-devtools font-weight:bold @ http://localhost:5173/node_modules/.vite/deps/chunk-NXESFFTV.js?v=20bb4e57:21608
[ 7804468ms] [ERROR] Warning: %s a style property during rerender (%s) when a conflicting property is set (%s) can lead to styling bugs. To avoid this, don't mix shorthand and non-shorthand properties for the same value; instead, replace the shorthand with separate values.%s Updating background backgroundClip 
    at div
    at div
    at div
    at section
    at div
    at div
    at Home (http://localhost:5173/src/pages/Home.tsx?t=1780876461562:298:41)
    at Route (http://localhost:5173/node_modules/.vite/deps/wouter.js?v=20bb4e57:303:16)
    at Switch (http://localhost:5173/node_modules/.vite/deps/wouter.js?v=20bb4e57:360:17)
    at Router
    at Provider (http://localhost:5173/node_modules/.vite/deps/chunk-MJZUJHM6.js?v=20bb4e57:39:15)
    at TooltipProvider (http://localhost:5173/node_modules/.vite/deps/@radix-ui_react-tooltip.js?v=20bb4e57:2656:5)
    at ThemeProvider (http://localhost:5173/src/contexts/ThemeContext.tsx:26:3)
    at ErrorBoundary (http://localhost:5173/src/components/ErrorBoundary.tsx:7:5)
    at App @ http://localhost:5173/node_modules/.vite/deps/chunk-NXESFFTV.js?v=20bb4e57:520
[ 7806611ms] [ERROR] Warning: %s a style property during rerender (%s) when a conflicting property is set (%s) can lead to styling bugs. To avoid this, don't mix shorthand and non-shorthand properties for the same value; instead, replace the shorthand with separate values.%s Updating background backgroundClip 
    at div
    at div
    at div
    at section
    at div
    at div
    at Home (http://localhost:5173/src/pages/Home.tsx?t=1780876461562:298:41)
    at Route (http://localhost:5173/node_modules/.vite/deps/wouter.js?v=20bb4e57:303:16)
    at Switch (http://localhost:5173/node_modules/.vite/deps/wouter.js?v=20bb4e57:360:17)
    at Router
    at Provider (http://localhost:5173/node_modules/.vite/deps/chunk-MJZUJHM6.js?v=20bb4e57:39:15)
    at TooltipProvider (http://localhost:5173/node_modules/.vite/deps/@radix-ui_react-tooltip.js?v=20bb4e57:2656:5)
    at ThemeProvider (http://localhost:5173/src/contexts/ThemeContext.tsx:26:3)
    at ErrorBoundary (http://localhost:5173/src/components/ErrorBoundary.tsx:7:5)
    at App @ http://localhost:5173/node_modules/.vite/deps/chunk-NXESFFTV.js?v=20bb4e57:520
[ 7807204ms] [ERROR] Warning: %s a style property during rerender (%s) when a conflicting property is set (%s) can lead to styling bugs. To avoid this, don't mix shorthand and non-shorthand properties for the same value; instead, replace the shorthand with separate values.%s Updating background backgroundClip 
    at div
    at div
    at div
    at section
    at div
    at div
    at Home (http://localhost:5173/src/pages/Home.tsx?t=1780876461562:298:41)
    at Route (http://localhost:5173/node_modules/.vite/deps/wouter.js?v=20bb4e57:303:16)
    at Switch (http://localhost:5173/node_modules/.vite/deps/wouter.js?v=20bb4e57:360:17)
    at Router
    at Provider (http://localhost:5173/node_modules/.vite/deps/chunk-MJZUJHM6.js?v=20bb4e57:39:15)
    at TooltipProvider (http://localhost:5173/node_modules/.vite/deps/@radix-ui_react-tooltip.js?v=20bb4e57:2656:5)
    at ThemeProvider (http://localhost:5173/src/contexts/ThemeContext.tsx:26:3)
    at ErrorBoundary (http://localhost:5173/src/components/ErrorBoundary.tsx:7:5)
    at App @ http://localhost:5173/node_modules/.vite/deps/chunk-NXESFFTV.js?v=20bb4e57:520
